<testsuites id="" name="" tests="1" failures="1" skipped="0" errors="0" time="3.406154">
<testsuite name="ventas-flow.spec.js" timestamp="2025-08-20T21:29:12.317Z" hostname="chromium" tests="1" failures="1" skipped="0" time="0.009" errors="0">
<testcase name="Flujo de Ventas - Crítico › Debe completar venta con cliente específico" classname="ventas-flow.spec.js" time="0.009">
<failure message="ventas-flow.spec.js:16:5 Debe completar venta con cliente específico" type="FAILURE">
<![CDATA[  [chromium] › ventas-flow.spec.js:16:5 › Flujo de Ventas - Crítico › Debe completar venta con cliente específico 

    Error: browserType.launch: Executable doesn't exist at /home/fernando/.cache/ms-playwright/chromium_headless_shell-1181/chrome-linux/headless_shell
    ╔═════════════════════════════════════════════════════════════════════════╗
    ║ Looks like Playwright Test or Playwright was just installed or updated. ║
    ║ Please run the following command to download new browsers:              ║
    ║                                                                         ║
    ║     npx playwright install                                              ║
    ║                                                                         ║
    ║ <3 Playwright Team                                                      ║
    ╚═════════════════════════════════════════════════════════════════════════╝
]]>
</failure>
</testcase>
</testsuite>
</testsuites>